This is pdfTeX, Version 3.141592653-2.6-1.40.25 (MiKTeX 24.1) (preloaded format=pdflatex 2024.12.11)  11 DEC 2024 10:05
entering extended mode
 restricted \write18 enabled.
 file:line:error style messages enabled.
 %&-line parsing enabled.
**"e:/universita/Documentazione/src/RTB/Documentazione esterna/Piano di Qualifica/piano_qualifica_v1.0.0.tex"
(e:/universita/Documentazione/src/RTB/Documentazione esterna/Piano di Qualifica/piano_qualifica_v1.0.0.tex
LaTeX2e <2023-11-01> patch level 1
L3 programming layer <2024-01-04>
(D:\applicazzioni\latex\tex/latex/base\article.cls
Document Class: article 2023/05/17 v1.4n Standard LaTeX document class
(D:\applicazzioni\latex\tex/latex/base\size10.clo
File: size10.clo 2023/05/17 v1.4n Standard LaTeX file (size option)
)
\c@part=\count187
\c@section=\count188
\c@subsection=\count189
\c@subsubsection=\count190
\c@paragraph=\count191
\c@subparagraph=\count192
\c@figure=\count193
\c@table=\count194
\abovecaptionskip=\skip48
\belowcaptionskip=\skip49
\bibindent=\dimen140
) (contenuti/configurazione.tex (D:\applicazzioni\latex\tex/latex/titling\titling.sty
Package: titling 2009/09/04 v2.1d maketitle typesetting
\thanksmarkwidth=\skip50
\thanksmargin=\skip51
\droptitle=\skip52
) (D:\applicazzioni\latex\tex/latex/graphics\graphicx.sty
Package: graphicx 2021/09/16 v1.2d Enhanced LaTeX Graphics (DPC,SPQR)
 (D:\applicazzioni\latex\tex/latex/graphics\keyval.sty
Package: keyval 2022/05/29 v1.15 key=value parser (DPC)
\KV@toks@=\toks17
) (D:\applicazzioni\latex\tex/latex/graphics\graphics.sty
Package: graphics 2022/03/10 v1.4e Standard LaTeX Graphics (DPC,SPQR)
 (D:\applicazzioni\latex\tex/latex/graphics\trig.sty
Package: trig 2021/08/11 v1.11 sin cos tan (DPC)
) (D:\applicazzioni\latex\tex/latex/graphics-cfg\graphics.cfg
File: graphics.cfg 2016/06/04 v1.11 sample graphics configuration
)
Package graphics Info: Driver file: pdftex.def on input line 107.
 (D:\applicazzioni\latex\tex/latex/graphics-def\pdftex.def
File: pdftex.def 2022/09/22 v1.2b Graphics/color driver for pdftex
))
\Gin@req@height=\dimen141
\Gin@req@width=\dimen142
) (D:\applicazzioni\latex\tex/latex/tools\tabularx.sty
Package: tabularx 2023/07/08 v2.11c `tabularx' package (DPC)
 (D:\applicazzioni\latex\tex/latex/tools\array.sty
Package: array 2023/10/16 v2.5g Tabular extension package (FMi)
\col@sep=\dimen143
\ar@mcellbox=\box51
\extrarowheight=\dimen144
\NC@list=\toks18
\extratabsurround=\skip53
\backup@length=\skip54
\ar@cellbox=\box52
)
\TX@col@width=\dimen145
\TX@old@table=\dimen146
\TX@old@col=\dimen147
\TX@target=\dimen148
\TX@delta=\dimen149
\TX@cols=\count195
\TX@ftn=\toks19
) (D:\applicazzioni\latex\tex/latex/tools\calc.sty
Package: calc 2023/07/08 v4.3 Infix arithmetic (KKT,FJ)
\calc@Acount=\count196
\calc@Bcount=\count197
\calc@Adimen=\dimen150
\calc@Bdimen=\dimen151
\calc@Askip=\skip55
\calc@Bskip=\skip56
LaTeX Info: Redefining \setlength on input line 80.
LaTeX Info: Redefining \addtolength on input line 81.
\calc@Ccount=\count198
\calc@Cskip=\skip57
) (D:\applicazzioni\latex\tex/latex/hyperref\hyperref.sty
Package: hyperref 2023-11-26 v7.01g Hypertext links for LaTeX
 (D:\applicazzioni\latex\tex/generic/iftex\iftex.sty
Package: iftex 2022/02/03 v1.0f TeX engine tests
) (D:\applicazzioni\latex\tex/generic/infwarerr\infwarerr.sty
Package: infwarerr 2019/12/03 v1.5 Providing info/warning/error messages (HO)
) (D:\applicazzioni\latex\tex/latex/kvsetkeys\kvsetkeys.sty
Package: kvsetkeys 2022-10-05 v1.19 Key value parser (HO)
) (D:\applicazzioni\latex\tex/generic/kvdefinekeys\kvdefinekeys.sty
Package: kvdefinekeys 2019-12-19 v1.6 Define keys (HO)
) (D:\applicazzioni\latex\tex/generic/pdfescape\pdfescape.sty
Package: pdfescape 2019/12/09 v1.15 Implements pdfTeX's escape features (HO)
 (D:\applicazzioni\latex\tex/generic/ltxcmds\ltxcmds.sty
Package: ltxcmds 2023-12-04 v1.26 LaTeX kernel commands for general use (HO)
) (D:\applicazzioni\latex\tex/generic/pdftexcmds\pdftexcmds.sty
Package: pdftexcmds 2020-06-27 v0.33 Utility functions of pdfTeX for LuaTeX (HO)
Package pdftexcmds Info: \pdf@primitive is available.
Package pdftexcmds Info: \pdf@ifprimitive is available.
Package pdftexcmds Info: \pdfdraftmode found.
)) (D:\applicazzioni\latex\tex/latex/hycolor\hycolor.sty
Package: hycolor 2020-01-27 v1.10 Color options for hyperref/bookmark (HO)
) (D:\applicazzioni\latex\tex/latex/letltxmacro\letltxmacro.sty
Package: letltxmacro 2019/12/03 v1.6 Let assignment for LaTeX macros (HO)
) (D:\applicazzioni\latex\tex/latex/auxhook\auxhook.sty
Package: auxhook 2019-12-17 v1.6 Hooks for auxiliary files (HO)
) (D:\applicazzioni\latex\tex/latex/hyperref\nameref.sty
Package: nameref 2023-11-26 v2.56 Cross-referencing by name of section
 (D:\applicazzioni\latex\tex/latex/refcount\refcount.sty
Package: refcount 2019/12/15 v3.6 Data extraction from label references (HO)
) (D:\applicazzioni\latex\tex/generic/gettitlestring\gettitlestring.sty
Package: gettitlestring 2019/12/15 v1.6 Cleanup title references (HO)
 (D:\applicazzioni\latex\tex/latex/kvoptions\kvoptions.sty
Package: kvoptions 2022-06-15 v3.15 Key value format for package options (HO)
))
\c@section@level=\count199
) (D:\applicazzioni\latex\tex/latex/etoolbox\etoolbox.sty
Package: etoolbox 2020/10/05 v2.5k e-TeX tools for LaTeX (JAW)
\etb@tempcnta=\count266
)
\@linkdim=\dimen152
\Hy@linkcounter=\count267
\Hy@pagecounter=\count268
 (D:\applicazzioni\latex\tex/latex/hyperref\pd1enc.def
File: pd1enc.def 2023-11-26 v7.01g Hyperref: PDFDocEncoding definition (HO)
Now handling font encoding PD1 ...
... no UTF-8 mapping file for font encoding PD1
) (D:\applicazzioni\latex\tex/generic/intcalc\intcalc.sty
Package: intcalc 2019/12/15 v1.3 Expandable calculations with integers (HO)
)
\Hy@SavedSpaceFactor=\count269
 (D:\applicazzioni\latex\tex/latex/hyperref\puenc.def
File: puenc.def 2023-11-26 v7.01g Hyperref: PDF Unicode definition (HO)
Now handling font encoding PU ...
... no UTF-8 mapping file for font encoding PU
)
Package hyperref Info: Hyper figures OFF on input line 4181.
Package hyperref Info: Link nesting OFF on input line 4186.
Package hyperref Info: Hyper index ON on input line 4189.
Package hyperref Info: Plain pages OFF on input line 4196.
Package hyperref Info: Backreferencing OFF on input line 4201.
Package hyperref Info: Implicit mode ON; LaTeX internals redefined.
Package hyperref Info: Bookmarks ON on input line 4448.
\c@Hy@tempcnt=\count270
 (D:\applicazzioni\latex\tex/latex/url\url.sty
\Urlmuskip=\muskip16
Package: url 2013/09/16  ver 3.4  Verb mode for urls, etc.
)
LaTeX Info: Redefining \url on input line 4786.
\XeTeXLinkMargin=\dimen153
 (D:\applicazzioni\latex\tex/generic/bitset\bitset.sty
Package: bitset 2019/12/09 v1.3 Handle bit-vector datatype (HO)
 (D:\applicazzioni\latex\tex/generic/bigintcalc\bigintcalc.sty
Package: bigintcalc 2019/12/15 v1.5 Expandable calculations on big integers (HO)
))
\Fld@menulength=\count271
\Field@Width=\dimen154
\Fld@charsize=\dimen155
Package hyperref Info: Hyper figures OFF on input line 6065.
Package hyperref Info: Link nesting OFF on input line 6070.
Package hyperref Info: Hyper index ON on input line 6073.
Package hyperref Info: backreferencing OFF on input line 6080.
Package hyperref Info: Link coloring OFF on input line 6085.
Package hyperref Info: Link coloring with OCG OFF on input line 6090.
Package hyperref Info: PDF/A mode OFF on input line 6095.
 (D:\applicazzioni\latex\tex/latex/base\atbegshi-ltx.sty
Package: atbegshi-ltx 2021/01/10 v1.0c Emulation of the original atbegshi
package with kernel methods
)
\Hy@abspage=\count272
\c@Item=\count273
\c@Hfootnote=\count274
)
Package hyperref Info: Driver (autodetected): hpdftex.
 (D:\applicazzioni\latex\tex/latex/hyperref\hpdftex.def
File: hpdftex.def 2023-11-26 v7.01g Hyperref driver for pdfTeX
 (D:\applicazzioni\latex\tex/latex/base\atveryend-ltx.sty
Package: atveryend-ltx 2020/08/19 v1.0a Emulation of the original atveryend package
with kernel methods
)
\Fld@listcount=\count275
\c@bookmark@seq@number=\count276
 (D:\applicazzioni\latex\tex/latex/rerunfilecheck\rerunfilecheck.sty
Package: rerunfilecheck 2022-07-10 v1.10 Rerun checks for auxiliary files (HO)
 (D:\applicazzioni\latex\tex/generic/uniquecounter\uniquecounter.sty
Package: uniquecounter 2019/12/15 v1.4 Provide unlimited unique counter (HO)
)
Package uniquecounter Info: New unique counter `rerunfilecheck' on input line 285.
)
\Hy@SectionHShift=\skip58
) (D:\applicazzioni\latex\tex/generic/babel\babel.sty
Package: babel 2024/01/07 v24.1 The Babel package
\babel@savecnt=\count277
\U@D=\dimen156
\l@unhyphenated=\language79
 (D:\applicazzioni\latex\tex/generic/babel\txtbabel.def)
\bbl@readstream=\read2
\bbl@dirlevel=\count278

*************************************
* Local config file bblopts.cfg used
*
(D:\applicazzioni\latex\tex/latex/arabi\bblopts.cfg
File: bblopts.cfg 2005/09/08 v0.1 add Arabic and Farsi to "declared" options of babel
) (D:\applicazzioni\latex\tex/latex/babel-italian\italian.ldf
Language: italian 2024/10/10 v.1.5.01 Italian support for the babel system
\it@lettering=\count279
\it@doublequoteactive=\count280
\it@ISOcompliance=\count281
)) (D:\applicazzioni\latex\tex/generic/babel/locale/it\babel-italian.tex
Package babel Info: Importing font and identification data for italian
(babel)             from babel-it.ini. Reported on input line 11.
) (D:\applicazzioni\latex\tex/latex/xcolor\xcolor.sty
Package: xcolor 2023/11/15 v3.01 LaTeX color extensions (UK)
 (D:\applicazzioni\latex\tex/latex/graphics-cfg\color.cfg
File: color.cfg 2016/01/02 v1.6 sample color configuration
)
Package xcolor Info: Driver file: pdftex.def on input line 274.
 (D:\applicazzioni\latex\tex/latex/graphics\mathcolor.ltx)
Package xcolor Info: Model `cmy' substituted by `cmy0' on input line 1350.
Package xcolor Info: Model `hsb' substituted by `rgb' on input line 1354.
Package xcolor Info: Model `RGB' extended on input line 1366.
Package xcolor Info: Model `HTML' substituted by `rgb' on input line 1368.
Package xcolor Info: Model `Hsb' substituted by `hsb' on input line 1369.
Package xcolor Info: Model `tHsb' substituted by `hsb' on input line 1370.
Package xcolor Info: Model `HSB' substituted by `hsb' on input line 1371.
Package xcolor Info: Model `Gray' substituted by `gray' on input line 1372.
Package xcolor Info: Model `wave' substituted by `hsb' on input line 1373.
) (D:\applicazzioni\latex\tex/latex/colortbl\colortbl.sty
Package: colortbl 2024/07/06 v1.0i Color table columns (DPC)
\everycr=\toks20
\minrowclearance=\skip59
\rownum=\count282
) (D:\applicazzioni\latex\tex/latex/lipsum\lipsum.sty (D:\applicazzioni\latex\tex/latex/l3packages/l3keys2e\l3keys2e.sty (D:\applicazzioni\latex\tex/latex/l3kernel\expl3.sty
Package: expl3 2024-01-04 L3 programming layer (loader) 
 (D:\applicazzioni\latex\tex/latex/l3backend\l3backend-pdftex.def
File: l3backend-pdftex.def 2024-01-04 L3 backend support: PDF output (pdfTeX)
\l__color_backend_stack_int=\count283
\l__pdf_internal_box=\box53
))
Package: l3keys2e 2023-10-10 LaTeX2e option processing using LaTeX3 keys
)
Package: lipsum 2021-09-20 v2.7 150 paragraphs of Lorem Ipsum dummy text
\g__lipsum_par_int=\count284
\l__lipsum_a_int=\count285
\l__lipsum_b_int=\count286
 (D:\applicazzioni\latex\tex/latex/lipsum\lipsum.ltd.tex)) (D:\applicazzioni\latex\tex/latex/ulem\ulem.sty
\UL@box=\box54
\UL@hyphenbox=\box55
\UL@skip=\skip60
\UL@hook=\toks21
\UL@height=\dimen157
\UL@pe=\count287
\UL@pixel=\dimen158
\ULC@box=\box56
Package: ulem 2019/11/18
\ULdepth=\dimen159
) (D:\applicazzioni\latex\tex/latex/ragged2e\ragged2e.sty
Package: ragged2e 2023/06/22 v3.6 ragged2e Package
\CenteringLeftskip=\skip61
\RaggedLeftLeftskip=\skip62
\RaggedRightLeftskip=\skip63
\CenteringRightskip=\skip64
\RaggedLeftRightskip=\skip65
\RaggedRightRightskip=\skip66
\CenteringParfillskip=\skip67
\RaggedLeftParfillskip=\skip68
\RaggedRightParfillskip=\skip69
\JustifyingParfillskip=\skip70
\CenteringParindent=\skip71
\RaggedLeftParindent=\skip72
\RaggedRightParindent=\skip73
\JustifyingParindent=\skip74
) (D:\applicazzioni\latex\tex/latex/pgf/frontendlayer\tikz.sty (D:\applicazzioni\latex\tex/latex/pgf/basiclayer\pgf.sty (D:\applicazzioni\latex\tex/latex/pgf/utilities\pgfrcs.sty (D:\applicazzioni\latex\tex/generic/pgf/utilities\pgfutil-common.tex
\pgfutil@everybye=\toks22
\pgfutil@tempdima=\dimen160
\pgfutil@tempdimb=\dimen161
) (D:\applicazzioni\latex\tex/generic/pgf/utilities\pgfutil-latex.def
\pgfutil@abb=\box57
) (D:\applicazzioni\latex\tex/generic/pgf/utilities\pgfrcs.code.tex (D:\applicazzioni\latex\tex/generic/pgf\pgf.revision.tex)
Package: pgfrcs 2023-01-15 v3.1.10 (3.1.10)
))
Package: pgf 2023-01-15 v3.1.10 (3.1.10)
 (D:\applicazzioni\latex\tex/latex/pgf/basiclayer\pgfcore.sty (D:\applicazzioni\latex\tex/latex/pgf/systemlayer\pgfsys.sty (D:\applicazzioni\latex\tex/generic/pgf/systemlayer\pgfsys.code.tex
Package: pgfsys 2023-01-15 v3.1.10 (3.1.10)
 (D:\applicazzioni\latex\tex/generic/pgf/utilities\pgfkeys.code.tex
\pgfkeys@pathtoks=\toks23
\pgfkeys@temptoks=\toks24
 (D:\applicazzioni\latex\tex/generic/pgf/utilities\pgfkeyslibraryfiltered.code.tex
\pgfkeys@tmptoks=\toks25
))
\pgf@x=\dimen162
\pgf@y=\dimen163
\pgf@xa=\dimen164
\pgf@ya=\dimen165
\pgf@xb=\dimen166
\pgf@yb=\dimen167
\pgf@xc=\dimen168
\pgf@yc=\dimen169
\pgf@xd=\dimen170
\pgf@yd=\dimen171
\w@pgf@writea=\write3
\r@pgf@reada=\read3
\c@pgf@counta=\count288
\c@pgf@countb=\count289
\c@pgf@countc=\count290
\c@pgf@countd=\count291
\t@pgf@toka=\toks26
\t@pgf@tokb=\toks27
\t@pgf@tokc=\toks28
\pgf@sys@id@count=\count292
 (D:\applicazzioni\latex\tex/generic/pgf/systemlayer\pgf.cfg
File: pgf.cfg 2023-01-15 v3.1.10 (3.1.10)
)
Driver file for pgf: pgfsys-pdftex.def
 (D:\applicazzioni\latex\tex/generic/pgf/systemlayer\pgfsys-pdftex.def
File: pgfsys-pdftex.def 2023-01-15 v3.1.10 (3.1.10)
 (D:\applicazzioni\latex\tex/generic/pgf/systemlayer\pgfsys-common-pdf.def
File: pgfsys-common-pdf.def 2023-01-15 v3.1.10 (3.1.10)
))) (D:\applicazzioni\latex\tex/generic/pgf/systemlayer\pgfsyssoftpath.code.tex
File: pgfsyssoftpath.code.tex 2023-01-15 v3.1.10 (3.1.10)
\pgfsyssoftpath@smallbuffer@items=\count293
\pgfsyssoftpath@bigbuffer@items=\count294
) (D:\applicazzioni\latex\tex/generic/pgf/systemlayer\pgfsysprotocol.code.tex
File: pgfsysprotocol.code.tex 2023-01-15 v3.1.10 (3.1.10)
)) (D:\applicazzioni\latex\tex/generic/pgf/basiclayer\pgfcore.code.tex
Package: pgfcore 2023-01-15 v3.1.10 (3.1.10)
 (D:\applicazzioni\latex\tex/generic/pgf/math\pgfmath.code.tex (D:\applicazzioni\latex\tex/generic/pgf/math\pgfmathutil.code.tex) (D:\applicazzioni\latex\tex/generic/pgf/math\pgfmathparser.code.tex
\pgfmath@dimen=\dimen172
\pgfmath@count=\count295
\pgfmath@box=\box58
\pgfmath@toks=\toks29
\pgfmath@stack@operand=\toks30
\pgfmath@stack@operation=\toks31
) (D:\applicazzioni\latex\tex/generic/pgf/math\pgfmathfunctions.code.tex) (D:\applicazzioni\latex\tex/generic/pgf/math\pgfmathfunctions.basic.code.tex) (D:\applicazzioni\latex\tex/generic/pgf/math\pgfmathfunctions.trigonometric.code.tex) (D:\applicazzioni\latex\tex/generic/pgf/math\pgfmathfunctions.random.code.tex) (D:\applicazzioni\latex\tex/generic/pgf/math\pgfmathfunctions.comparison.code.tex) (D:\applicazzioni\latex\tex/generic/pgf/math\pgfmathfunctions.base.code.tex) (D:\applicazzioni\latex\tex/generic/pgf/math\pgfmathfunctions.round.code.tex) (D:\applicazzioni\latex\tex/generic/pgf/math\pgfmathfunctions.misc.code.tex) (D:\applicazzioni\latex\tex/generic/pgf/math\pgfmathfunctions.integerarithmetics.code.tex) (D:\applicazzioni\latex\tex/generic/pgf/math\pgfmathcalc.code.tex) (D:\applicazzioni\latex\tex/generic/pgf/math\pgfmathfloat.code.tex
\c@pgfmathroundto@lastzeros=\count296
)) (D:\applicazzioni\latex\tex/generic/pgf/math\pgfint.code.tex) (D:\applicazzioni\latex\tex/generic/pgf/basiclayer\pgfcorepoints.code.tex
File: pgfcorepoints.code.tex 2023-01-15 v3.1.10 (3.1.10)
\pgf@picminx=\dimen173
\pgf@picmaxx=\dimen174
\pgf@picminy=\dimen175
\pgf@picmaxy=\dimen176
\pgf@pathminx=\dimen177
\pgf@pathmaxx=\dimen178
\pgf@pathminy=\dimen179
\pgf@pathmaxy=\dimen180
\pgf@xx=\dimen181
\pgf@xy=\dimen182
\pgf@yx=\dimen183
\pgf@yy=\dimen184
\pgf@zx=\dimen185
\pgf@zy=\dimen186
) (D:\applicazzioni\latex\tex/generic/pgf/basiclayer\pgfcorepathconstruct.code.tex
File: pgfcorepathconstruct.code.tex 2023-01-15 v3.1.10 (3.1.10)
\pgf@path@lastx=\dimen187
\pgf@path@lasty=\dimen188
) (D:\applicazzioni\latex\tex/generic/pgf/basiclayer\pgfcorepathusage.code.tex
File: pgfcorepathusage.code.tex 2023-01-15 v3.1.10 (3.1.10)
\pgf@shorten@end@additional=\dimen189
\pgf@shorten@start@additional=\dimen190
) (D:\applicazzioni\latex\tex/generic/pgf/basiclayer\pgfcorescopes.code.tex
File: pgfcorescopes.code.tex 2023-01-15 v3.1.10 (3.1.10)
\pgfpic=\box59
\pgf@hbox=\box60
\pgf@layerbox@main=\box61
\pgf@picture@serial@count=\count297
) (D:\applicazzioni\latex\tex/generic/pgf/basiclayer\pgfcoregraphicstate.code.tex
File: pgfcoregraphicstate.code.tex 2023-01-15 v3.1.10 (3.1.10)
\pgflinewidth=\dimen191
) (D:\applicazzioni\latex\tex/generic/pgf/basiclayer\pgfcoretransformations.code.tex
File: pgfcoretransformations.code.tex 2023-01-15 v3.1.10 (3.1.10)
\pgf@pt@x=\dimen192
\pgf@pt@y=\dimen193
\pgf@pt@temp=\dimen194
) (D:\applicazzioni\latex\tex/generic/pgf/basiclayer\pgfcorequick.code.tex
File: pgfcorequick.code.tex 2023-01-15 v3.1.10 (3.1.10)
) (D:\applicazzioni\latex\tex/generic/pgf/basiclayer\pgfcoreobjects.code.tex
File: pgfcoreobjects.code.tex 2023-01-15 v3.1.10 (3.1.10)
) (D:\applicazzioni\latex\tex/generic/pgf/basiclayer\pgfcorepathprocessing.code.tex
File: pgfcorepathprocessing.code.tex 2023-01-15 v3.1.10 (3.1.10)
) (D:\applicazzioni\latex\tex/generic/pgf/basiclayer\pgfcorearrows.code.tex
File: pgfcorearrows.code.tex 2023-01-15 v3.1.10 (3.1.10)
\pgfarrowsep=\dimen195
) (D:\applicazzioni\latex\tex/generic/pgf/basiclayer\pgfcoreshade.code.tex
File: pgfcoreshade.code.tex 2023-01-15 v3.1.10 (3.1.10)
\pgf@max=\dimen196
\pgf@sys@shading@range@num=\count298
\pgf@shadingcount=\count299
) (D:\applicazzioni\latex\tex/generic/pgf/basiclayer\pgfcoreimage.code.tex
File: pgfcoreimage.code.tex 2023-01-15 v3.1.10 (3.1.10)
) (D:\applicazzioni\latex\tex/generic/pgf/basiclayer\pgfcoreexternal.code.tex
File: pgfcoreexternal.code.tex 2023-01-15 v3.1.10 (3.1.10)
\pgfexternal@startupbox=\box62
) (D:\applicazzioni\latex\tex/generic/pgf/basiclayer\pgfcorelayers.code.tex
File: pgfcorelayers.code.tex 2023-01-15 v3.1.10 (3.1.10)
) (D:\applicazzioni\latex\tex/generic/pgf/basiclayer\pgfcoretransparency.code.tex
File: pgfcoretransparency.code.tex 2023-01-15 v3.1.10 (3.1.10)
) (D:\applicazzioni\latex\tex/generic/pgf/basiclayer\pgfcorepatterns.code.tex
File: pgfcorepatterns.code.tex 2023-01-15 v3.1.10 (3.1.10)
) (D:\applicazzioni\latex\tex/generic/pgf/basiclayer\pgfcorerdf.code.tex
File: pgfcorerdf.code.tex 2023-01-15 v3.1.10 (3.1.10)
))) (D:\applicazzioni\latex\tex/generic/pgf/modules\pgfmoduleshapes.code.tex
File: pgfmoduleshapes.code.tex 2023-01-15 v3.1.10 (3.1.10)
\pgfnodeparttextbox=\box63
) (D:\applicazzioni\latex\tex/generic/pgf/modules\pgfmoduleplot.code.tex
File: pgfmoduleplot.code.tex 2023-01-15 v3.1.10 (3.1.10)
) (D:\applicazzioni\latex\tex/latex/pgf/compatibility\pgfcomp-version-0-65.sty
Package: pgfcomp-version-0-65 2023-01-15 v3.1.10 (3.1.10)
\pgf@nodesepstart=\dimen197
\pgf@nodesepend=\dimen198
) (D:\applicazzioni\latex\tex/latex/pgf/compatibility\pgfcomp-version-1-18.sty
Package: pgfcomp-version-1-18 2023-01-15 v3.1.10 (3.1.10)
)) (D:\applicazzioni\latex\tex/latex/pgf/utilities\pgffor.sty (D:\applicazzioni\latex\tex/latex/pgf/utilities\pgfkeys.sty (D:\applicazzioni\latex\tex/generic/pgf/utilities\pgfkeys.code.tex)) (D:\applicazzioni\latex\tex/latex/pgf/math\pgfmath.sty (D:\applicazzioni\latex\tex/generic/pgf/math\pgfmath.code.tex)) (D:\applicazzioni\latex\tex/generic/pgf/utilities\pgffor.code.tex
Package: pgffor 2023-01-15 v3.1.10 (3.1.10)
\pgffor@iter=\dimen199
\pgffor@skip=\dimen256
\pgffor@stack=\toks32
\pgffor@toks=\toks33
)) (D:\applicazzioni\latex\tex/generic/pgf/frontendlayer/tikz\tikz.code.tex
Package: tikz 2023-01-15 v3.1.10 (3.1.10)
 (D:\applicazzioni\latex\tex/generic/pgf/libraries\pgflibraryplothandlers.code.tex
File: pgflibraryplothandlers.code.tex 2023-01-15 v3.1.10 (3.1.10)
\pgf@plot@mark@count=\count300
\pgfplotmarksize=\dimen257
)
\tikz@lastx=\dimen258
\tikz@lasty=\dimen259
\tikz@lastxsaved=\dimen260
\tikz@lastysaved=\dimen261
\tikz@lastmovetox=\dimen262
\tikz@lastmovetoy=\dimen263
\tikzleveldistance=\dimen264
\tikzsiblingdistance=\dimen265
\tikz@figbox=\box64
\tikz@figbox@bg=\box65
\tikz@tempbox=\box66
\tikz@tempbox@bg=\box67
\tikztreelevel=\count301
\tikznumberofchildren=\count302
\tikznumberofcurrentchild=\count303
\tikz@fig@count=\count304
 (D:\applicazzioni\latex\tex/generic/pgf/modules\pgfmodulematrix.code.tex
File: pgfmodulematrix.code.tex 2023-01-15 v3.1.10 (3.1.10)
\pgfmatrixcurrentrow=\count305
\pgfmatrixcurrentcolumn=\count306
\pgf@matrix@numberofcolumns=\count307
)
\tikz@expandcount=\count308
 (D:\applicazzioni\latex\tex/generic/pgf/frontendlayer/tikz/libraries\tikzlibrarytopaths.code.tex
File: tikzlibrarytopaths.code.tex 2023-01-15 v3.1.10 (3.1.10)
))) (D:\applicazzioni\latex\tex/latex/geometry\geometry.sty
Package: geometry 2020/01/02 v5.9 Page Geometry
 (D:\applicazzioni\latex\tex/generic/iftex\ifvtex.sty
Package: ifvtex 2019/10/25 v1.7 ifvtex legacy package. Use iftex instead.
)
\Gm@cnth=\count309
\Gm@cntv=\count310
\c@Gm@tempcnt=\count311
\Gm@bindingoffset=\dimen266
\Gm@wd@mp=\dimen267
\Gm@odd@mp=\dimen268
\Gm@even@mp=\dimen269
\Gm@layoutwidth=\dimen270
\Gm@layoutheight=\dimen271
\Gm@layouthoffset=\dimen272
\Gm@layoutvoffset=\dimen273
\Gm@dimlist=\toks34
 (D:\applicazzioni\latex\tex/latex/geometry\geometry.cfg)) (D:\applicazzioni\latex\tex/latex/fancyhdr\fancyhdr.sty
Package: fancyhdr 2024/11/20 v4.4 Extensive control of page headers and footers
\f@nch@headwidth=\skip75
\f@nch@O@elh=\skip76
\f@nch@O@erh=\skip77
\f@nch@O@olh=\skip78
\f@nch@O@orh=\skip79
\f@nch@O@elf=\skip80
\f@nch@O@erf=\skip81
\f@nch@O@olf=\skip82
\f@nch@O@orf=\skip83
) (D:\applicazzioni\latex\tex/latex/amsmath\amsmath.sty
Package: amsmath 2023/05/13 v2.17o AMS math features
\@mathmargin=\skip84

For additional information on amsmath, use the `?' option.
(D:\applicazzioni\latex\tex/latex/amsmath\amstext.sty
Package: amstext 2021/08/26 v2.01 AMS text
 (D:\applicazzioni\latex\tex/latex/amsmath\amsgen.sty
File: amsgen.sty 1999/11/30 v2.0 generic functions
\@emptytoks=\toks35
\ex@=\dimen274
)) (D:\applicazzioni\latex\tex/latex/amsmath\amsbsy.sty
Package: amsbsy 1999/11/29 v1.2d Bold Symbols
\pmbraise@=\dimen275
) (D:\applicazzioni\latex\tex/latex/amsmath\amsopn.sty
Package: amsopn 2022/04/08 v2.04 operator names
)
\inf@bad=\count312
LaTeX Info: Redefining \frac on input line 234.
\uproot@=\count313
\leftroot@=\count314
LaTeX Info: Redefining \overline on input line 399.
LaTeX Info: Redefining \colon on input line 410.
\classnum@=\count315
\DOTSCASE@=\count316
LaTeX Info: Redefining \ldots on input line 496.
LaTeX Info: Redefining \dots on input line 499.
LaTeX Info: Redefining \cdots on input line 620.
\Mathstrutbox@=\box68
\strutbox@=\box69
LaTeX Info: Redefining \big on input line 722.
LaTeX Info: Redefining \Big on input line 723.
LaTeX Info: Redefining \bigg on input line 724.
LaTeX Info: Redefining \Bigg on input line 725.
\big@size=\dimen276
LaTeX Font Info:    Redeclaring font encoding OML on input line 743.
LaTeX Font Info:    Redeclaring font encoding OMS on input line 744.
\macc@depth=\count317
LaTeX Info: Redefining \bmod on input line 905.
LaTeX Info: Redefining \pmod on input line 910.
LaTeX Info: Redefining \smash on input line 940.
LaTeX Info: Redefining \relbar on input line 970.
LaTeX Info: Redefining \Relbar on input line 971.
\c@MaxMatrixCols=\count318
\dotsspace@=\muskip17
\c@parentequation=\count319
\dspbrk@lvl=\count320
\tag@help=\toks36
\row@=\count321
\column@=\count322
\maxfields@=\count323
\andhelp@=\toks37
\eqnshift@=\dimen277
\alignsep@=\dimen278
\tagshift@=\dimen279
\tagwidth@=\dimen280
\totwidth@=\dimen281
\lineht@=\dimen282
\@envbody=\toks38
\multlinegap=\skip85
\multlinetaggap=\skip86
\mathdisplay@stack=\toks39
LaTeX Info: Redefining \[ on input line 2953.
LaTeX Info: Redefining \] on input line 2954.
) (D:\applicazzioni\latex\tex/latex/comment\comment.sty
\CommentStream=\write4
 Excluding comment 'comment') (D:\applicazzioni\latex\tex/latex/titlesec\titlesec.sty
Package: titlesec 2023/10/27 v2.16 Sectioning titles
\ttl@box=\box70
\beforetitleunit=\skip87
\aftertitleunit=\skip88
\ttl@plus=\dimen283
\ttl@minus=\dimen284
\ttl@toksa=\toks40
\titlewidth=\dimen285
\titlewidthlast=\dimen286
\titlewidthfirst=\dimen287
) (D:\applicazzioni\latex\tex/latex/eurosym\eurosym.sty
Package: eurosym 1998/08/06 v1.1 European currency symbol ``Euro''
\@eurobox=\box71
) (D:\applicazzioni\latex\tex/latex/pgf-pie\pgf-pie.sty
Package: pgf-pie 2022/06/14 v0.7 Some LaTeX macros for pie chart by using PGF/Tikz package.
 (D:\applicazzioni\latex\tex/latex/pgf-pie\tikzlibrarypie.code.tex (D:\applicazzioni\latex\tex/latex/carlisle\scalefnt.sty)
\pgfpie@angleEnd=\dimen288
\pgfpie@explodeLength=\count324
\pgfpie@colorLength=\count325
\pgfpie@sliceLength=\count326
)) (D:\applicazzioni\latex\tex/generic/pgf/frontendlayer/tikz/libraries\tikzlibrarycalc.code.tex
File: tikzlibrarycalc.code.tex 2023-01-15 v3.1.10 (3.1.10)
)
\c@subsubsubsection=\count327
) (piano_qualifica_v1.0.0.aux)
\openout1 = `piano_qualifica_v1.0.0.aux'.

LaTeX Font Info:    Checking defaults for OML/cmm/m/it on input line 11.
LaTeX Font Info:    ... okay on input line 11.
LaTeX Font Info:    Checking defaults for OMS/cmsy/m/n on input line 11.
LaTeX Font Info:    ... okay on input line 11.
LaTeX Font Info:    Checking defaults for OT1/cmr/m/n on input line 11.
LaTeX Font Info:    ... okay on input line 11.
LaTeX Font Info:    Checking defaults for T1/cmr/m/n on input line 11.
LaTeX Font Info:    ... okay on input line 11.
LaTeX Font Info:    Checking defaults for TS1/cmr/m/n on input line 11.
LaTeX Font Info:    ... okay on input line 11.
LaTeX Font Info:    Checking defaults for OMX/cmex/m/n on input line 11.
LaTeX Font Info:    ... okay on input line 11.
LaTeX Font Info:    Checking defaults for U/cmr/m/n on input line 11.
LaTeX Font Info:    ... okay on input line 11.
LaTeX Font Info:    Checking defaults for PD1/pdf/m/n on input line 11.
LaTeX Font Info:    ... okay on input line 11.
LaTeX Font Info:    Checking defaults for PU/pdf/m/n on input line 11.
LaTeX Font Info:    ... okay on input line 11.
 (D:\applicazzioni\latex\tex/context/base/mkii\supp-pdf.mkii
[Loading MPS to PDF converter (version 2006.09.02).]
\scratchcounter=\count328
\scratchdimen=\dimen289
\scratchbox=\box72
\nofMPsegments=\count329
\nofMParguments=\count330
\everyMPshowfont=\toks41
\MPscratchCnt=\count331
\MPscratchDim=\dimen290
\MPnumerator=\count332
\makeMPintoPDFobject=\count333
\everyMPtoPDFconversion=\toks42
) (D:\applicazzioni\latex\tex/latex/epstopdf-pkg\epstopdf-base.sty
Package: epstopdf-base 2020-01-24 v2.11 Base part for package epstopdf
Package epstopdf-base Info: Redefining graphics rule for `.eps' on input line 485.
 (D:\applicazzioni\latex\tex/latex/00miktex\epstopdf-sys.cfg
File: epstopdf-sys.cfg 2021/03/18 v2.0 Configuration of epstopdf for MiKTeX
))
Package hyperref Info: Link coloring OFF on input line 11.
 (piano_qualifica_v1.0.0.out) (piano_qualifica_v1.0.0.out)
\@outlinefile=\write5
\openout5 = `piano_qualifica_v1.0.0.out'.

LaTeX Info: Redefining \it@ocap on input line 11.
LaTeX Info: Redefining \it@ccap on input line 11.


File italian.ldf warning: 
italian.ldf    With OT1 encoding guillemets are poorly faked
italian.ldf    Use T1 encoding
italian.ldf    or specify a font with command \CaporaliFrom
italian.ldf    See the documentation concerning the babel-italian typesetting
italian.ldf    on input line 11.

*geometry* driver: auto-detecting
*geometry* detected driver: pdftex
*geometry* verbose mode - [ preamble ] result:
* driver: pdftex
* paper: a4paper
* layout: <same size as paper>
* layoutoffset:(h,v)=(0.0pt,0.0pt)
* modes: 
* h-part:(L,W,R)=(71.13188pt, 455.24411pt, 71.13188pt)
* v-part:(T,H,B)=(71.13188pt, 702.78308pt, 71.13188pt)
* \paperwidth=597.50787pt
* \paperheight=845.04684pt
* \textwidth=455.24411pt
* \textheight=702.78308pt
* \oddsidemargin=-1.1381pt
* \evensidemargin=-1.1381pt
* \topmargin=-49.76787pt
* \headheight=23.62976pt
* \headsep=25.0pt
* \topskip=10.0pt
* \footskip=30.0pt
* \marginparwidth=65.0pt
* \marginparsep=11.0pt
* \columnsep=10.0pt
* \skip\footins=9.0pt plus 4.0pt minus 2.0pt
* \hoffset=0.0pt
* \voffset=0.0pt
* \mag=1000
* \@twocolumnfalse
* \@twosidefalse
* \@mparswitchfalse
* \@reversemarginfalse
* (1in=72.27pt=25.4mm, 1cm=28.453pt)

(contenuti/intestazione_titolo.tex
<../../../shared/immagini/Logo Universita di Padova.png, id=214, 2055.68pt x 2055.68pt>
File: ../../../shared/immagini/Logo Universita di Padova.png Graphic file (type png)
<use ../../../shared/immagini/Logo Universita di Padova.png>
Package pdftex.def Info: ../../../shared/immagini/Logo Universita di Padova.png  used on input line 10.
(pdftex.def)             Requested size: 68.28383pt x 68.25482pt.
<../../../shared/immagini/Logo SWEg.png, id=216, 551.05875pt x 553.06625pt>
File: ../../../shared/immagini/Logo SWEg.png Graphic file (type png)
<use ../../../shared/immagini/Logo SWEg.png>
Package pdftex.def Info: ../../../shared/immagini/Logo SWEg.png  used on input line 22.
(pdftex.def)             Requested size: 72.84071pt x 73.09949pt.
) [1

{C:/Users/jampi/AppData/Local/MiKTeX/fonts/map/pdftex/pdftex.map} <../../../shared/immagini/Logo Universita di Padova.png> <../../../shared/immagini/Logo SWEg.png>] (contenuti/informazioni.tex) [2] (contenuti/registro_modifiche.tex)
<../../../shared/immagini/sweg_logo_sito_inverted.png, id=238, 562.1pt x 154.5775pt>
File: ../../../shared/immagini/sweg_logo_sito_inverted.png Graphic file (type png)
<use ../../../shared/immagini/sweg_logo_sito_inverted.png>
Package pdftex.def Info: ../../../shared/immagini/sweg_logo_sito_inverted.png  used on input line 18.
(pdftex.def)             Requested size: 72.84071pt x 20.02972pt.
 [1 <../../../shared/immagini/sweg_logo_sito_inverted.png>] (contenuti/indice.tex (piano_qualifica_v1.0.0.toc)
\tf@toc=\write6
\openout6 = `piano_qualifica_v1.0.0.toc'.

)
File: ../../../shared/immagini/sweg_logo_sito_inverted.png Graphic file (type png)
<use ../../../shared/immagini/sweg_logo_sito_inverted.png>
Package pdftex.def Info: ../../../shared/immagini/sweg_logo_sito_inverted.png  used on input line 20.
(pdftex.def)             Requested size: 72.84071pt x 20.02972pt.
 [2] (contenuti/elenco_figure.tex (piano_qualifica_v1.0.0.lof)
\tf@lof=\write7
\openout7 = `piano_qualifica_v1.0.0.lof'.

)
File: ../../../shared/immagini/sweg_logo_sito_inverted.png Graphic file (type png)
<use ../../../shared/immagini/sweg_logo_sito_inverted.png>
Package pdftex.def Info: ../../../shared/immagini/sweg_logo_sito_inverted.png  used on input line 22.
(pdftex.def)             Requested size: 72.84071pt x 20.02972pt.
 [3] (contenuti/elenco_tabelle.tex (piano_qualifica_v1.0.0.lot)
\tf@lot=\write8
\openout8 = `piano_qualifica_v1.0.0.lot'.

)
File: ../../../shared/immagini/sweg_logo_sito_inverted.png Graphic file (type png)
<use ../../../shared/immagini/sweg_logo_sito_inverted.png>
Package pdftex.def Info: ../../../shared/immagini/sweg_logo_sito_inverted.png  used on input line 24.
(pdftex.def)             Requested size: 72.84071pt x 20.02972pt.
 [4] (contenuti/introduzione.tex
Underfull \hbox (badness 10000) in paragraph at lines 50--51

 []


Underfull \hbox (badness 10000) in paragraph at lines 51--52

 []


Underfull \hbox (badness 10000) in paragraph at lines 52--53

 []


Underfull \hbox (badness 10000) in paragraph at lines 58--59

 []


Underfull \hbox (badness 10000) in paragraph at lines 59--60

 []


Underfull \hbox (badness 10000) in paragraph at lines 60--61

 []


Underfull \hbox (badness 10000) in paragraph at lines 61--62

 []


Underfull \hbox (badness 10000) in paragraph at lines 62--63

 []


Underfull \hbox (badness 10000) in paragraph at lines 63--64

 []

File: ../../../shared/immagini/sweg_logo_sito_inverted.png Graphic file (type png)
<use ../../../shared/immagini/sweg_logo_sito_inverted.png>
Package pdftex.def Info: ../../../shared/immagini/sweg_logo_sito_inverted.png  used on input line 64.
(pdftex.def)             Requested size: 72.84071pt x 20.02972pt.

pdfTeX warning (ext4): destination with the same identifier (name{page.1}) has been already used, duplicate ignored
<to be read again> 
                   \relax 
l.64 
      [1])
File: ../../../shared/immagini/sweg_logo_sito_inverted.png Graphic file (type png)
<use ../../../shared/immagini/sweg_logo_sito_inverted.png>
Package pdftex.def Info: ../../../shared/immagini/sweg_logo_sito_inverted.png  used on input line 26.
(pdftex.def)             Requested size: 72.84071pt x 20.02972pt.

pdfTeX warning (ext4): destination with the same identifier (name{page.2}) has been already used, duplicate ignored
<to be read again> 
                   \relax 
l.26 \newpage
              [2] (contenuti/piano_di qualita.tex
File: ../../../shared/immagini/sweg_logo_sito_inverted.png Graphic file (type png)
<use ../../../shared/immagini/sweg_logo_sito_inverted.png>
Package pdftex.def Info: ../../../shared/immagini/sweg_logo_sito_inverted.png  used on input line 61.
(pdftex.def)             Requested size: 72.84071pt x 20.02972pt.
 [3]
File: ../../../shared/immagini/sweg_logo_sito_inverted.png Graphic file (type png)
<use ../../../shared/immagini/sweg_logo_sito_inverted.png>
Package pdftex.def Info: ../../../shared/immagini/sweg_logo_sito_inverted.png  used on input line 118.
(pdftex.def)             Requested size: 72.84071pt x 20.02972pt.
 [4]
File: ../../../shared/immagini/sweg_logo_sito_inverted.png Graphic file (type png)
<use ../../../shared/immagini/sweg_logo_sito_inverted.png>
Package pdftex.def Info: ../../../shared/immagini/sweg_logo_sito_inverted.png  used on input line 175.
(pdftex.def)             Requested size: 72.84071pt x 20.02972pt.
 [5])
File: ../../../shared/immagini/sweg_logo_sito_inverted.png Graphic file (type png)
<use ../../../shared/immagini/sweg_logo_sito_inverted.png>
Package pdftex.def Info: ../../../shared/immagini/sweg_logo_sito_inverted.png  used on input line 28.
(pdftex.def)             Requested size: 72.84071pt x 20.02972pt.
 [6] (contenuti/strategie_di_testing.tex

LaTeX Warning: `!h' float specifier changed to `!ht'.

File: ../../../shared/immagini/sweg_logo_sito_inverted.png Graphic file (type png)
<use ../../../shared/immagini/sweg_logo_sito_inverted.png>
Package pdftex.def Info: ../../../shared/immagini/sweg_logo_sito_inverted.png  used on input line 101.
(pdftex.def)             Requested size: 72.84071pt x 20.02972pt.
[7])
File: ../../../shared/immagini/sweg_logo_sito_inverted.png Graphic file (type png)
<use ../../../shared/immagini/sweg_logo_sito_inverted.png>
Package pdftex.def Info: ../../../shared/immagini/sweg_logo_sito_inverted.png  used on input line 30.
(pdftex.def)             Requested size: 72.84071pt x 20.02972pt.
 [8] (contenuti/cruscotto_valutazione_qualita.tex
File: ../../../shared/immagini/sweg_logo_sito_inverted.png Graphic file (type png)
<use ../../../shared/immagini/sweg_logo_sito_inverted.png>
Package pdftex.def Info: ../../../shared/immagini/sweg_logo_sito_inverted.png  used on input line 79.
(pdftex.def)             Requested size: 72.84071pt x 20.02972pt.
 [9])
File: ../../../shared/immagini/sweg_logo_sito_inverted.png Graphic file (type png)
<use ../../../shared/immagini/sweg_logo_sito_inverted.png>
Package pdftex.def Info: ../../../shared/immagini/sweg_logo_sito_inverted.png  used on input line 32.
(pdftex.def)             Requested size: 72.84071pt x 20.02972pt.
 [10] (contenuti/valutazioni_miglioramento.tex)
File: ../../../shared/immagini/sweg_logo_sito_inverted.png Graphic file (type png)
<use ../../../shared/immagini/sweg_logo_sito_inverted.png>
Package pdftex.def Info: ../../../shared/immagini/sweg_logo_sito_inverted.png  used on input line 35.
(pdftex.def)             Requested size: 72.84071pt x 20.02972pt.
 [11] (piano_qualifica_v1.0.0.aux)
 ***********
LaTeX2e <2023-11-01> patch level 1
L3 programming layer <2024-01-04>
 ***********
Package rerunfilecheck Info: File `piano_qualifica_v1.0.0.out' has not changed.
(rerunfilecheck)             Checksum: 503664B1EA72639EAE5ED3C7928A4AB9;9494.
 ) 
Here is how much of TeX's memory you used:
 23270 strings out of 474486
 433572 string characters out of 5754072
 1947542 words of memory out of 5000000
 45036 multiletter control sequences out of 15000+600000
 562615 words of font info for 52 fonts, out of 8000000 for 9000
 1141 hyphenation exceptions out of 8191
 93i,16n,96p,630b,577s stack positions out of 10000i,1000n,20000p,200000b,200000s
 <C:\Users\jampi\AppData\Local\MiKTeX\fonts/pk/ljfour/jknappen/ec/dpi600\tcrm1000.pk><D:/applicazzioni/latex/fonts/type1/public/amsfonts/cm/cmbx10.pfb><D:/applicazzioni/latex/fonts/type1/public/amsfonts/cm/cmbx12.pfb><D:/applicazzioni/latex/fonts/type1/public/amsfonts/cm/cmbxti10.pfb><D:/applicazzioni/latex/fonts/type1/public/amsfonts/cm/cmex10.pfb><D:/applicazzioni/latex/fonts/type1/public/amsfonts/cm/cmmi7.pfb><D:/applicazzioni/latex/fonts/type1/public/amsfonts/cm/cmr10.pfb><D:/applicazzioni/latex/fonts/type1/public/amsfonts/cm/cmr7.pfb><D:/applicazzioni/latex/fonts/type1/public/amsfonts/cm/cmss10.pfb><D:/applicazzioni/latex/fonts/type1/public/amsfonts/cm/cmsy10.pfb><D:/applicazzioni/latex/fonts/type1/public/amsfonts/cm/cmti10.pfb><D:/applicazzioni/latex/fonts/type1/public/amsfonts/cm/cmtt10.pfb>
Output written on piano_qualifica_v1.0.0.pdf (17 pages, 934110 bytes).
PDF statistics:
 456 PDF objects out of 1000 (max. 8388607)
 76 named destinations out of 1000 (max. 500000)
 444 words of extra memory for PDF output out of 10000 (max. 10000000)

